<?xml version="1.0" encoding="UTF-8"?>
<testsuite name="com.jojoldu.book.springboot.web.HelloControllerTest" tests="2" skipped="0" failures="0" errors="0" timestamp="2020-08-01T13:26:47" hostname="DESKTOP-MTG25G6" time="0.428">
  <properties/>
  <testcase name="hello가_리턴된다" classname="com.jojoldu.book.springboot.web.HelloControllerTest" time="0.181"/>
  <testcase name="helloDto가_리턴된다" classname="com.jojoldu.book.springboot.web.HelloControllerTest" time="0.245"/>
  <system-out><![CDATA[2020-08-01 22:26:44.294  INFO 8564 --- [    Test worker] .b.t.a.w.s.WebMvcTestContextBootstrapper : Neither @ContextConfiguration nor @ContextHierarchy found for test class [com.jojoldu.book.springboot.web.HelloControllerTest], using SpringBootContextLoader
2020-08-01 22:26:44.295  INFO 8564 --- [    Test worker] o.s.t.c.support.AbstractContextLoader    : Could not detect default resource locations for test class [com.jojoldu.book.springboot.web.HelloControllerTest]: no resource found for suffixes {-context.xml, Context.groovy}.
2020-08-01 22:26:44.295  INFO 8564 --- [    Test worker] t.c.s.AnnotationConfigContextLoaderUtils : Could not detect default configuration classes for test class [com.jojoldu.book.springboot.web.HelloControllerTest]: HelloControllerTest does not declare any static, non-private, non-final, nested classes annotated with @Configuration.
2020-08-01 22:26:44.347  INFO 8564 --- [    Test worker] .b.t.c.SpringBootTestContextBootstrapper : Found @SpringBootConfiguration com.jojoldu.book.springboot.Application for test class com.jojoldu.book.springboot.web.HelloControllerTest
2020-08-01 22:26:44.397  INFO 8564 --- [    Test worker] .b.t.a.w.s.WebMvcTestContextBootstrapper : Loaded default TestExecutionListener class names from location [META-INF/spring.factories]: [org.springframework.security.test.context.support.WithSecurityContextTestExecutionListener, org.springframework.security.test.context.support.ReactorContextTestExecutionListener, org.springframework.boot.test.autoconfigure.restdocs.RestDocsTestExecutionListener, org.springframework.boot.test.autoconfigure.web.client.MockRestServiceServerResetTestExecutionListener, org.springframework.boot.test.autoconfigure.web.servlet.MockMvcPrintOnlyOnFailureTestExecutionListener, org.springframework.boot.test.autoconfigure.web.servlet.WebDriverTestExecutionListener, org.springframework.boot.test.mock.mockito.MockitoTestExecutionListener, org.springframework.boot.test.mock.mockito.ResetMocksTestExecutionListener, org.springframework.test.context.web.ServletTestExecutionListener, org.springframework.test.context.support.DirtiesContextBeforeModesTestExecutionListener, org.springframework.test.context.support.DependencyInjectionTestExecutionListener, org.springframework.test.context.support.DirtiesContextTestExecutionListener, org.springframework.test.context.transaction.TransactionalTestExecutionListener, org.springframework.test.context.jdbc.SqlScriptsTestExecutionListener]
2020-08-01 22:26:44.408  INFO 8564 --- [    Test worker] .b.t.a.w.s.WebMvcTestContextBootstrapper : Using TestExecutionListeners: [org.springframework.test.context.web.ServletTestExecutionListener@44345403, org.springframework.test.context.support.DirtiesContextBeforeModesTestExecutionListener@2a4b5150, org.springframework.boot.test.mock.mockito.MockitoTestExecutionListener@2edbec7, org.springframework.boot.test.autoconfigure.SpringBootDependencyInjectionTestExecutionListener@9031295, org.springframework.test.context.support.DirtiesContextTestExecutionListener@6f71cbfa, org.springframework.test.context.transaction.TransactionalTestExecutionListener@1fc0c695, org.springframework.test.context.jdbc.SqlScriptsTestExecutionListener@7034482c, org.springframework.security.test.context.support.WithSecurityContextTestExecutionListener@61b26b05, org.springframework.security.test.context.support.ReactorContextTestExecutionListener@fd52d2, org.springframework.boot.test.autoconfigure.restdocs.RestDocsTestExecutionListener@1990c836, org.springframework.boot.test.autoconfigure.web.client.MockRestServiceServerResetTestExecutionListener@4b378600, org.springframework.boot.test.autoconfigure.web.servlet.MockMvcPrintOnlyOnFailureTestExecutionListener@392f2620, org.springframework.boot.test.autoconfigure.web.servlet.WebDriverTestExecutionListener@53ae9815, org.springframework.boot.test.mock.mockito.ResetMocksTestExecutionListener@4c603b2e]

  .   ____          _            __ _ _
 /\\ / ___'_ __ _ _(_)_ __  __ _ \ \ \ \
( ( )\___ | '_ | '_| | '_ \/ _` | \ \ \ \
 \\/  ___)| |_)| | | | | || (_| |  ) ) ) )
  '  |____| .__|_| |_|_| |_\__, | / / / /
 =========|_|==============|___/=/_/_/_/
 :: Spring Boot ::        (v2.1.7.RELEASE)

2020-08-01 22:26:44.577  INFO 8564 --- [    Test worker] c.j.b.s.web.HelloControllerTest          : Starting HelloControllerTest on DESKTOP-MTG25G6 with PID 8564 (started by sung in D:\DevRef\books\springbootAndAWS_freelec\freelec-springboot2-webservice)
2020-08-01 22:26:44.577  INFO 8564 --- [    Test worker] c.j.b.s.web.HelloControllerTest          : The following profiles are active: oauth
2020-08-01 22:26:45.849  INFO 8564 --- [    Test worker] o.s.s.concurrent.ThreadPoolTaskExecutor  : Initializing ExecutorService 'applicationTaskExecutor'
2020-08-01 22:26:45.926  INFO 8564 --- [    Test worker] o.s.b.a.w.s.WelcomePageHandlerMapping    : Adding welcome page template: index
2020-08-01 22:26:46.517  INFO 8564 --- [    Test worker] .s.s.UserDetailsServiceAutoConfiguration : 

Using generated security password: db20064e-9f8c-4031-8876-19dde679f438

2020-08-01 22:26:47.039  INFO 8564 --- [    Test worker] o.s.s.web.DefaultSecurityFilterChain     : Creating filter chain: any request, [org.springframework.security.web.context.request.async.WebAsyncManagerIntegrationFilter@dd1a21a, org.springframework.security.web.context.SecurityContextPersistenceFilter@45ce64f0, org.springframework.security.web.header.HeaderWriterFilter@702fef53, org.springframework.security.web.csrf.CsrfFilter@668a70b8, org.springframework.security.web.authentication.logout.LogoutFilter@3cd156c7, org.springframework.security.web.authentication.UsernamePasswordAuthenticationFilter@41ed216f, org.springframework.security.web.authentication.ui.DefaultLoginPageGeneratingFilter@54af49a6, org.springframework.security.web.authentication.ui.DefaultLogoutPageGeneratingFilter@5fd9e010, org.springframework.security.web.authentication.www.BasicAuthenticationFilter@44996305, org.springframework.security.web.savedrequest.RequestCacheAwareFilter@347da399, org.springframework.security.web.servletapi.SecurityContextHolderAwareRequestFilter@3ba79732, org.springframework.security.web.authentication.AnonymousAuthenticationFilter@505731a5, org.springframework.security.web.session.SessionManagementFilter@45154e5e, org.springframework.security.web.access.ExceptionTranslationFilter@126c75cd, org.springframework.security.web.access.intercept.FilterSecurityInterceptor@3d58258c]
2020-08-01 22:26:47.154  INFO 8564 --- [    Test worker] o.s.b.t.m.w.SpringBootMockServletContext : Initializing Spring TestDispatcherServlet ''
2020-08-01 22:26:47.155  INFO 8564 --- [    Test worker] o.s.t.web.servlet.TestDispatcherServlet  : Initializing Servlet ''
2020-08-01 22:26:47.190  INFO 8564 --- [    Test worker] o.s.t.web.servlet.TestDispatcherServlet  : Completed initialization in 35 ms
2020-08-01 22:26:47.280  INFO 8564 --- [    Test worker] c.j.b.s.web.HelloControllerTest          : Started HelloControllerTest in 2.848 seconds (JVM running for 28.367)
]]></system-out>
  <system-err><![CDATA[]]></system-err>
</testsuite>
