<?xml version="1.0" encoding="UTF-8"?>
<testsuite name="com.jojoldu.book.springboot.web.PostsApiControllerTest" tests="2" skipped="0" failures="0" errors="0" timestamp="2020-08-01T13:26:55" hostname="DESKTOP-MTG25G6" time="0.49">
  <properties/>
  <testcase name="Posts_등록된다" classname="com.jojoldu.book.springboot.web.PostsApiControllerTest" time="0.298"/>
  <testcase name="Posts_수정된다" classname="com.jojoldu.book.springboot.web.PostsApiControllerTest" time="0.188"/>
  <system-out><![CDATA[2020-08-01 22:26:55.623  INFO 8564 --- [    Test worker] .b.t.c.SpringBootTestContextBootstrapper : Neither @ContextConfiguration nor @ContextHierarchy found for test class [com.jojoldu.book.springboot.web.PostsApiControllerTest], using SpringBootContextLoader
2020-08-01 22:26:55.623  INFO 8564 --- [    Test worker] o.s.t.c.support.AbstractContextLoader    : Could not detect default resource locations for test class [com.jojoldu.book.springboot.web.PostsApiControllerTest]: no resource found for suffixes {-context.xml, Context.groovy}.
2020-08-01 22:26:55.623  INFO 8564 --- [    Test worker] t.c.s.AnnotationConfigContextLoaderUtils : Could not detect default configuration classes for test class [com.jojoldu.book.springboot.web.PostsApiControllerTest]: PostsApiControllerTest does not declare any static, non-private, non-final, nested classes annotated with @Configuration.
2020-08-01 22:26:55.627  INFO 8564 --- [    Test worker] .b.t.c.SpringBootTestContextBootstrapper : Found @SpringBootConfiguration com.jojoldu.book.springboot.Application for test class com.jojoldu.book.springboot.web.PostsApiControllerTest
2020-08-01 22:26:55.627  INFO 8564 --- [    Test worker] .b.t.c.SpringBootTestContextBootstrapper : Loaded default TestExecutionListener class names from location [META-INF/spring.factories]: [org.springframework.security.test.context.support.WithSecurityContextTestExecutionListener, org.springframework.security.test.context.support.ReactorContextTestExecutionListener, org.springframework.boot.test.autoconfigure.restdocs.RestDocsTestExecutionListener, org.springframework.boot.test.autoconfigure.web.client.MockRestServiceServerResetTestExecutionListener, org.springframework.boot.test.autoconfigure.web.servlet.MockMvcPrintOnlyOnFailureTestExecutionListener, org.springframework.boot.test.autoconfigure.web.servlet.WebDriverTestExecutionListener, org.springframework.boot.test.mock.mockito.MockitoTestExecutionListener, org.springframework.boot.test.mock.mockito.ResetMocksTestExecutionListener, org.springframework.test.context.web.ServletTestExecutionListener, org.springframework.test.context.support.DirtiesContextBeforeModesTestExecutionListener, org.springframework.test.context.support.DependencyInjectionTestExecutionListener, org.springframework.test.context.support.DirtiesContextTestExecutionListener, org.springframework.test.context.transaction.TransactionalTestExecutionListener, org.springframework.test.context.jdbc.SqlScriptsTestExecutionListener]
2020-08-01 22:26:55.631  INFO 8564 --- [    Test worker] .b.t.c.SpringBootTestContextBootstrapper : Using TestExecutionListeners: [org.springframework.test.context.web.ServletTestExecutionListener@3f1e6ddb, org.springframework.test.context.support.DirtiesContextBeforeModesTestExecutionListener@3f90a99f, org.springframework.boot.test.mock.mockito.MockitoTestExecutionListener@5f7e1e27, org.springframework.boot.test.autoconfigure.SpringBootDependencyInjectionTestExecutionListener@513ac28, org.springframework.test.context.support.DirtiesContextTestExecutionListener@49af69e4, org.springframework.test.context.transaction.TransactionalTestExecutionListener@73c9fd1f, org.springframework.test.context.jdbc.SqlScriptsTestExecutionListener@5ce95a67, org.springframework.security.test.context.support.WithSecurityContextTestExecutionListener@4403df3e, org.springframework.security.test.context.support.ReactorContextTestExecutionListener@76517e13, org.springframework.boot.test.autoconfigure.restdocs.RestDocsTestExecutionListener@4a4c44c3, org.springframework.boot.test.autoconfigure.web.client.MockRestServiceServerResetTestExecutionListener@5ce0058f, org.springframework.boot.test.autoconfigure.web.servlet.MockMvcPrintOnlyOnFailureTestExecutionListener@640db02, org.springframework.boot.test.autoconfigure.web.servlet.WebDriverTestExecutionListener@7b9c9c3f, org.springframework.boot.test.mock.mockito.ResetMocksTestExecutionListener@535ea5d3]
2020-08-01 22:26:55.691  INFO 8564 --- [    Test worker] o.a.c.c.C.[Tomcat].[localhost].[/]       : Initializing Spring TestDispatcherServlet ''
2020-08-01 22:26:55.691  INFO 8564 --- [    Test worker] o.s.t.web.servlet.TestDispatcherServlet  : Initializing Servlet ''
2020-08-01 22:26:55.699  INFO 8564 --- [    Test worker] o.s.t.web.servlet.TestDispatcherServlet  : Completed initialization in 8 ms
Hibernate: insert into posts (created_date, modified_date, author, content, title) values (?, ?, ?, ?, ?)
Hibernate: select posts0_.id as id1_0_, posts0_.created_date as created_2_0_, posts0_.modified_date as modified3_0_, posts0_.author as author4_0_, posts0_.content as content5_0_, posts0_.title as title6_0_ from posts posts0_
Hibernate: select posts0_.id as id1_0_, posts0_.created_date as created_2_0_, posts0_.modified_date as modified3_0_, posts0_.author as author4_0_, posts0_.content as content5_0_, posts0_.title as title6_0_ from posts posts0_
Hibernate: delete from posts where id=?
2020-08-01 22:26:55.991  INFO 8564 --- [    Test worker] o.a.c.c.C.[Tomcat].[localhost].[/]       : Initializing Spring TestDispatcherServlet ''
2020-08-01 22:26:55.991  INFO 8564 --- [    Test worker] o.s.t.web.servlet.TestDispatcherServlet  : Initializing Servlet ''
2020-08-01 22:26:56.007  INFO 8564 --- [    Test worker] o.s.t.web.servlet.TestDispatcherServlet  : Completed initialization in 16 ms
Hibernate: insert into posts (created_date, modified_date, author, content, title) values (?, ?, ?, ?, ?)
Hibernate: select posts0_.id as id1_0_0_, posts0_.created_date as created_2_0_0_, posts0_.modified_date as modified3_0_0_, posts0_.author as author4_0_0_, posts0_.content as content5_0_0_, posts0_.title as title6_0_0_ from posts posts0_ where posts0_.id=?
Hibernate: update posts set created_date=?, modified_date=?, author=?, content=?, title=? where id=?
Hibernate: select posts0_.id as id1_0_, posts0_.created_date as created_2_0_, posts0_.modified_date as modified3_0_, posts0_.author as author4_0_, posts0_.content as content5_0_, posts0_.title as title6_0_ from posts posts0_
Hibernate: select posts0_.id as id1_0_, posts0_.created_date as created_2_0_, posts0_.modified_date as modified3_0_, posts0_.author as author4_0_, posts0_.content as content5_0_, posts0_.title as title6_0_ from posts posts0_
Hibernate: delete from posts where id=?
]]></system-out>
  <system-err><![CDATA[]]></system-err>
</testsuite>
